<?xml version="1.0" encoding="UTF-8"?>
<!-- Generated by org.testng.reporters.JUnitXMLReporter -->
<testsuite hostname="NODE637" name="Meritnation Test run on Chrome" tests="2" failures="1" timestamp="21 Mar 2018 09:31:19 GMT" time="61.932" errors="0">
  <testcase name="verifyLogin_Balances" time="9.765" classname="com.gspann.test.TDA_HomePage_LoginTest_BalancesTest">
    <failure type="java.lang.AssertionError" message="The following asserts failed:
	expected [Online Stock Trading, Investing, Online Broker | TD Ameritrade11] but found [Online Stock Trading, Investing, Online Broker | TD Ameritrade]">
      <![CDATA[java.lang.AssertionError: The following asserts failed:
	expected [Online Stock Trading, Investing, Online Broker | TD Ameritrade11] but found [Online Stock Trading, Investing, Online Broker | TD Ameritrade]
	at org.testng.asserts.SoftAssert.assertAll(SoftAssert.java:43)
	at com.gspann.test.TDA_HomePage_LoginTest_BalancesTest.verifyLogin_Balances(TDA_HomePage_LoginTest_BalancesTest.java:36)
	at sun.reflect.NativeMethodAccessorImpl.invoke0(Native Method)
	at sun.reflect.NativeMethodAccessorImpl.invoke(NativeMethodAccessorImpl.java:62)
	at sun.reflect.DelegatingMethodAccessorImpl.invoke(DelegatingMethodAccessorImpl.java:43)
	at java.lang.reflect.Method.invoke(Method.java:498)
	at org.testng.internal.MethodInvocationHelper.invokeMethod(MethodInvocationHelper.java:86)
	at org.testng.internal.Invoker.invokeMethod(Invoker.java:643)
	at org.testng.internal.Invoker.invokeTestMethod(Invoker.java:820)
	at org.testng.internal.Invoker.invokeTestMethods(Invoker.java:1128)
	at org.testng.internal.TestMethodWorker.invokeTestMethods(TestMethodWorker.java:129)
	at org.testng.internal.TestMethodWorker.run(TestMethodWorker.java:112)
	at org.testng.TestRunner.privateRun(TestRunner.java:782)
	at org.testng.TestRunner.run(TestRunner.java:632)
	at org.testng.SuiteRunner.runTest(SuiteRunner.java:366)
	at org.testng.SuiteRunner.access$000(SuiteRunner.java:39)
	at org.testng.SuiteRunner$SuiteWorker.run(SuiteRunner.java:400)
	at org.testng.internal.thread.ThreadUtil$2.call(ThreadUtil.java:64)
	at java.util.concurrent.FutureTask.run(FutureTask.java:266)
	at java.util.concurrent.ThreadPoolExecutor.runWorker(ThreadPoolExecutor.java:1149)
	at java.util.concurrent.ThreadPoolExecutor$Worker.run(ThreadPoolExecutor.java:624)
	at java.lang.Thread.run(Thread.java:748)
]]>
    </failure>
  </testcase> <!-- verifyLogin_Balances -->
  <testcase name="verifyLogin_MyAccountOverview" time="9.639" classname="com.gspann.test.TDA_HomePage_LoginTest_MyAccountOverviewTest"/>
</testsuite> <!-- Meritnation Test run on Chrome -->
