<?xml version="1.0" encoding="UTF-8"?>
<testng-results skipped="0" failed="1" total="2" passed="1">
  <reporter-output>
    <line>
      <![CDATA[<h4>Repro Steps</h4><br>1. Open TDA homepage<br>2. Select Balances from dropdown under Choose a start page<br>3. Click on LogIn button<br>]]>
    </line>
    <line>
      <![CDATA[<a href=E:\Workspace\Framework_R1\test-output\screenshots\verifyLogin_Balances21_Mar_2018_03_00_50PM.png>screenshot</a><br>]]>
    </line>
  </reporter-output>
  <suite name="Suite" duration-ms="61932" started-at="2018-03-21T09:30:17Z" finished-at="2018-03-21T09:31:19Z">
    <groups>
    </groups>
    <test name="Meritnation Test run on Chrome" duration-ms="61932" started-at="2018-03-21T09:30:17Z" finished-at="2018-03-21T09:31:19Z">
      <class name="com.gspann.test.TDA_HomePage_LoginTest_MyAccountOverviewTest">
        <test-method status="PASS" signature="initializeDriver()[pri:0, instance:com.gspann.test.TDA_HomePage_LoginTest_MyAccountOverviewTest@4a00d9cf]" name="initializeDriver" is-config="true" duration-ms="1" started-at="2018-03-21T15:00:52Z" finished-at="2018-03-21T15:00:52Z">
          <reporter-output>
          </reporter-output>
        </test-method> <!-- initializeDriver -->
        <test-method status="PASS" signature="openBrowser(java.lang.String)[pri:0, instance:com.gspann.test.TDA_HomePage_LoginTest_MyAccountOverviewTest@4a00d9cf]" name="openBrowser" is-config="true" duration-ms="16904" started-at="2018-03-21T15:00:52Z" finished-at="2018-03-21T15:01:08Z">
          <params>
            <param index="0">
              <value>
                <![CDATA[chrome]]>
              </value>
            </param>
          </params>
          <reporter-output>
          </reporter-output>
        </test-method> <!-- openBrowser -->
        <test-method status="PASS" signature="verifyLogin_MyAccountOverview()[pri:0, instance:com.gspann.test.TDA_HomePage_LoginTest_MyAccountOverviewTest@4a00d9cf]" name="verifyLogin_MyAccountOverview" duration-ms="9639" started-at="2018-03-21T15:01:08Z" description="1. Open TDA homepage&lt;br&gt;2. Select My Account Overview from dropdown under Choose a start page&lt;br&gt;3. Click on LogIn button" finished-at="2018-03-21T15:01:18Z">
          <reporter-output>
          </reporter-output>
        </test-method> <!-- verifyLogin_MyAccountOverview -->
        <test-method status="PASS" signature="tearDown(org.testng.ITestResult)[pri:0, instance:com.gspann.test.TDA_HomePage_LoginTest_MyAccountOverviewTest@4a00d9cf]" name="tearDown" is-config="true" duration-ms="837" started-at="2018-03-21T15:01:18Z" finished-at="2018-03-21T15:01:19Z">
          <params>
            <param index="0">
              <value>
                <![CDATA[[TestResult name=verifyLogin_MyAccountOverview status=SUCCESS method=TDA_HomePage_LoginTest_MyAccountOverviewTest.verifyLogin_MyAccountOverview()[pri:0, instance:com.gspann.test.TDA_HomePage_LoginTest_MyAccountOverviewTest@4a00d9cf] output={null}]]]>
              </value>
            </param>
          </params>
          <reporter-output>
          </reporter-output>
        </test-method> <!-- tearDown -->
      </class> <!-- com.gspann.test.TDA_HomePage_LoginTest_MyAccountOverviewTest -->
      <class name="com.gspann.test.TDA_HomePage_LoginTest_BalancesTest">
        <test-method status="PASS" signature="initializeDriver()[pri:0, instance:com.gspann.test.TDA_HomePage_LoginTest_BalancesTest@39d76cb5]" name="initializeDriver" is-config="true" duration-ms="8" started-at="2018-03-21T15:00:17Z" finished-at="2018-03-21T15:00:17Z">
          <reporter-output>
          </reporter-output>
        </test-method> <!-- initializeDriver -->
        <test-method status="PASS" signature="openBrowser(java.lang.String)[pri:0, instance:com.gspann.test.TDA_HomePage_LoginTest_BalancesTest@39d76cb5]" name="openBrowser" is-config="true" duration-ms="22749" started-at="2018-03-21T15:00:17Z" finished-at="2018-03-21T15:00:40Z">
          <params>
            <param index="0">
              <value>
                <![CDATA[chrome]]>
              </value>
            </param>
          </params>
          <reporter-output>
          </reporter-output>
        </test-method> <!-- openBrowser -->
        <test-method status="FAIL" signature="verifyLogin_Balances()[pri:0, instance:com.gspann.test.TDA_HomePage_LoginTest_BalancesTest@39d76cb5]" name="verifyLogin_Balances" duration-ms="9765" started-at="2018-03-21T15:00:40Z" description="1. Open TDA homepage&lt;br&gt;2. Select Balances from dropdown under Choose a start page&lt;br&gt;3. Click on LogIn button" finished-at="2018-03-21T15:00:50Z">
          <exception class="java.lang.AssertionError">
            <message>
              <![CDATA[The following asserts failed:
	expected [Online Stock Trading, Investing, Online Broker | TD Ameritrade11] but found [Online Stock Trading, Investing, Online Broker | TD Ameritrade]]]>
            </message>
            <full-stacktrace>
              <![CDATA[java.lang.AssertionError: The following asserts failed:
	expected [Online Stock Trading, Investing, Online Broker | TD Ameritrade11] but found [Online Stock Trading, Investing, Online Broker | TD Ameritrade]
	at org.testng.asserts.SoftAssert.assertAll(SoftAssert.java:43)
	at com.gspann.test.TDA_HomePage_LoginTest_BalancesTest.verifyLogin_Balances(TDA_HomePage_LoginTest_BalancesTest.java:36)
	at sun.reflect.NativeMethodAccessorImpl.invoke0(Native Method)
	at sun.reflect.NativeMethodAccessorImpl.invoke(NativeMethodAccessorImpl.java:62)
	at sun.reflect.DelegatingMethodAccessorImpl.invoke(DelegatingMethodAccessorImpl.java:43)
	at java.lang.reflect.Method.invoke(Method.java:498)
	at org.testng.internal.MethodInvocationHelper.invokeMethod(MethodInvocationHelper.java:86)
	at org.testng.internal.Invoker.invokeMethod(Invoker.java:643)
	at org.testng.internal.Invoker.invokeTestMethod(Invoker.java:820)
	at org.testng.internal.Invoker.invokeTestMethods(Invoker.java:1128)
	at org.testng.internal.TestMethodWorker.invokeTestMethods(TestMethodWorker.java:129)
	at org.testng.internal.TestMethodWorker.run(TestMethodWorker.java:112)
	at org.testng.TestRunner.privateRun(TestRunner.java:782)
	at org.testng.TestRunner.run(TestRunner.java:632)
	at org.testng.SuiteRunner.runTest(SuiteRunner.java:366)
	at org.testng.SuiteRunner.access$000(SuiteRunner.java:39)
	at org.testng.SuiteRunner$SuiteWorker.run(SuiteRunner.java:400)
	at org.testng.internal.thread.ThreadUtil$2.call(ThreadUtil.java:64)
	at java.util.concurrent.FutureTask.run(FutureTask.java:266)
	at java.util.concurrent.ThreadPoolExecutor.runWorker(ThreadPoolExecutor.java:1149)
	at java.util.concurrent.ThreadPoolExecutor$Worker.run(ThreadPoolExecutor.java:624)
	at java.lang.Thread.run(Thread.java:748)
]]>
            </full-stacktrace>
          </exception> <!-- java.lang.AssertionError -->
          <reporter-output>
            <line>
              <![CDATA[<h4>Repro Steps</h4><br>1. Open TDA homepage<br>2. Select Balances from dropdown under Choose a start page<br>3. Click on LogIn button<br>]]>
            </line>
            <line>
              <![CDATA[<a href=E:\Workspace\Framework_R1\test-output\screenshots\verifyLogin_Balances21_Mar_2018_03_00_50PM.png>screenshot</a><br>]]>
            </line>
          </reporter-output>
        </test-method> <!-- verifyLogin_Balances -->
        <test-method status="PASS" signature="tearDown(org.testng.ITestResult)[pri:0, instance:com.gspann.test.TDA_HomePage_LoginTest_BalancesTest@39d76cb5]" name="tearDown" is-config="true" duration-ms="1435" started-at="2018-03-21T15:00:50Z" finished-at="2018-03-21T15:00:52Z">
          <params>
            <param index="0">
              <value>
                <![CDATA[[TestResult name=verifyLogin_Balances status=FAILURE method=TDA_HomePage_LoginTest_BalancesTest.verifyLogin_Balances()[pri:0, instance:com.gspann.test.TDA_HomePage_LoginTest_BalancesTest@39d76cb5] output=<h4>Repro Steps</h4><br>1. Open TDA homepage<br>2. Select Balances from dropdown under Choose a start page<br>3. Click on LogIn button<br>]]]>
              </value>
            </param>
          </params>
          <reporter-output>
          </reporter-output>
        </test-method> <!-- tearDown -->
      </class> <!-- com.gspann.test.TDA_HomePage_LoginTest_BalancesTest -->
    </test> <!-- Meritnation Test run on Chrome -->
  </suite> <!-- Suite -->
</testng-results>
